<?xml version="1.0" encoding="UTF-8"?>
<testng-results ignored="0" total="1" passed="1" failed="0" skipped="0">
  <reporter-output>
  </reporter-output>
  <suite started-at="2024-04-30T23:26:34 IST" name="Default suite" finished-at="2024-04-30T23:26:50 IST" duration-ms="16081">
    <groups>
    </groups>
    <test started-at="2024-04-30T23:26:34 IST" name="Default test" finished-at="2024-04-30T23:26:50 IST" duration-ms="16081">
      <class name="testCases.VerifyRegistrationTestCases">
        <test-method signature="verifyRegistrationWithValidData()[pri:0, instance:testCases.VerifyRegistrationTestCases@659499f1]" started-at="2024-04-30T23:26:34 IST" name="verifyRegistrationWithValidData" finished-at="2024-04-30T23:26:50 IST" duration-ms="15983" status="PASS">
          <reporter-output>
          </reporter-output>
        </test-method> <!-- verifyRegistrationWithValidData -->
      </class> <!-- testCases.VerifyRegistrationTestCases -->
    </test> <!-- Default test -->
  </suite> <!-- Default suite -->
</testng-results>
